Command line:
   my_mux4_2to1_isim_beh.exe
     -simmode  gui
     -simrunnum  0
     -socket  41247

Mon Nov 25 14:20:07 2024


 Elaboration Time: 0.01 sec

 Current Memory Usage: 184.046 Meg

 Total Signals          : 29
 Total Nets             : 38
 Total Signal Drivers   : 1
 Total Blocks           : 4
 Total Primitive Blocks : 4
 Total Processes        : 0
 Total Traceable Variables  : 13
 Total Scalar Nets and Variables : 521
Total Line Count : 0

 Total Simulation Time: 0.01 sec

 Current Memory Usage: 259.547 Meg

Mon Nov 25 14:20:11 2024

