Command line:
   my_alu_my_alu_sch_tb_isim_beh.exe
     -simmode  gui
     -simrunnum  0
     -socket  41751

Mon Nov 25 14:28:02 2024


 Elaboration Time: 0.02 sec

 Current Memory Usage: 184.156 Meg

 Total Signals          : 144
 Total Nets             : 64
 Total Signal Drivers   : 30
 Total Blocks           : 22
 Total Primitive Blocks : 19
 Total Processes        : 22
 Total Traceable Variables  : 15
 Total Scalar Nets and Variables : 565
Total Line Count : 72

 Total Simulation Time: 0.02 sec

 Current Memory Usage: 259.658 Meg

Mon Nov 25 14:28:06 2024

