Command line:
   my_register_4bit_my_register_4bit_sch_tb_isim_beh.exe
     -simmode  gui
     -simrunnum  0
     -socket  60237

Thu Nov 14 15:38:01 2024


 Elaboration Time: 0.02 sec

 Current Memory Usage: 184.062 Meg

 Total Signals          : 132
 Total Nets             : 60
 Total Signal Drivers   : 29
 Total Blocks           : 29
 Total Primitive Blocks : 23
 Total Processes        : 27
 Total Traceable Variables  : 17
 Total Scalar Nets and Variables : 547
Total Line Count : 43

 Total Simulation Time: 0.06 sec

 Current Memory Usage: 259.564 Meg

Thu Nov 14 15:52:58 2024

