Command line:
   my_status_register_my_status_register_sch_tb_isim_beh.exe
     -simmode  gui
     -simrunnum  0
     -socket  37805

Wed Nov 27 15:50:56 2024


 Elaboration Time: 0.01 sec

 Current Memory Usage: 184.054 Meg

 Total Signals          : 38
 Total Nets             : 30
 Total Signal Drivers   : 5
 Total Blocks           : 6
 Total Primitive Blocks : 4
 Total Processes        : 4
 Total Traceable Variables  : 14
 Total Scalar Nets and Variables : 514
Total Line Count : 23

 Total Simulation Time: 0.03 sec

 Current Memory Usage: 259.555 Meg

Wed Nov 27 15:52:16 2024

