Command line:
   my_rom_16_7_my_rom_16_7_sch_tb_isim_beh.exe
     -simmode  gui
     -simrunnum  0
     -socket  50217

Wed Nov 27 20:02:27 2024


 Elaboration Time: 0.01 sec

 Current Memory Usage: 184.078 Meg

 Total Signals          : 44
 Total Nets             : 37
 Total Signal Drivers   : 8
 Total Blocks           : 12
 Total Primitive Blocks : 10
 Total Processes        : 8
 Total Traceable Variables  : 27
 Total Scalar Nets and Variables : 744
Total Line Count : 9

 Total Simulation Time: 0.04 sec

 Current Memory Usage: 259.58 Meg

Wed Nov 27 20:24:54 2024

