Command line:
   my_register_4bit_isim_beh.exe
     -simmode  gui
     -simrunnum  0
     -socket  53773

Wed Nov 13 16:17:14 2024


 Elaboration Time: 0.02 sec

 Current Memory Usage: 184.046 Meg

 Total Signals          : 55
 Total Nets             : 36
 Total Signal Drivers   : 7
 Total Blocks           : 10
 Total Primitive Blocks : 8
 Total Processes        : 7
 Total Traceable Variables  : 14
 Total Scalar Nets and Variables : 520
Total Line Count : 9

 Total Simulation Time: 0.02 sec

 Current Memory Usage: 259.547 Meg

Wed Nov 13 16:17:16 2024

